[debug] [2021-08-09T09:08:57.758Z] ----------------------------------------------------------------------
[debug] [2021-08-09T09:08:57.763Z] Command:       /snap/node/5146/bin/node /home/spider/.npm-global/bin/firebase init
[debug] [2021-08-09T09:08:57.763Z] CLI Version:   9.16.0
[debug] [2021-08-09T09:08:57.763Z] Platform:      linux
[debug] [2021-08-09T09:08:57.764Z] Node Version:  v12.22.4
[debug] [2021-08-09T09:08:57.764Z] Time:          Mon Aug 09 2021 15:08:57 GMT+0600 (Bangladesh Standard Time)
[debug] [2021-08-09T09:08:57.765Z] ----------------------------------------------------------------------
[debug] 
[debug] [2021-08-09T09:08:57.839Z] > command requires scopes: ["email","openid","https://www.googleapis.com/auth/cloudplatformprojects.readonly","https://www.googleapis.com/auth/firebase","https://www.googleapis.com/auth/cloud-platform"]
[debug] [2021-08-09T09:08:57.840Z] > authorizing via signed-in user (ronibd0@gmail.com)
[info] 
     ######## #### ########  ######## ########     ###     ######  ########
     ##        ##  ##     ## ##       ##     ##  ##   ##  ##       ##
     ######    ##  ########  ######   ########  #########  ######  ######
     ##        ##  ##    ##  ##       ##     ## ##     ##       ## ##
     ##       #### ##     ## ######## ########  ##     ##  ######  ########

You're about to initialize a Firebase project in this directory:

  /home/spider/Documents/flix/goflix-1

Before we get started, keep in mind:

  * You are initializing within an existing Firebase project directory

[info] 
=== Project Setup
[info] 
[info] First, let's associate this project directory with a Firebase project.
[info] You can create multiple project aliases by running firebase use --add, 
[info] but for now we'll just set up a default project.
[info] 
[info] i  .firebaserc already has a default project, using goflix-aad85. 
[debug] [2021-08-09T09:10:14.864Z] > refreshing access token with scopes: []
[debug] [2021-08-09T09:10:14.864Z] >>> HTTP REQUEST POST https://www.googleapis.com/oauth2/v3/token  
 <request body omitted>
[debug] [2021-08-09T09:10:15.171Z] <<< HTTP RESPONSE 200 {"pragma":"no-cache","cache-control":"no-cache, no-store, max-age=0, must-revalidate","expires":"Mon, 01 Jan 1990 00:00:00 GMT","date":"Mon, 09 Aug 2021 09:10:15 GMT","content-type":"application/json; charset=utf-8","vary":"X-Origin, Referer, Origin,Accept-Encoding","server":"scaffolding on HTTPServer2","x-xss-protection":"0","x-frame-options":"SAMEORIGIN","x-content-type-options":"nosniff","alt-svc":"h3=\":443\"; ma=2592000,h3-29=\":443\"; ma=2592000,h3-T051=\":443\"; ma=2592000,h3-Q050=\":443\"; ma=2592000,h3-Q046=\":443\"; ma=2592000,h3-Q043=\":443\"; ma=2592000,quic=\":443\"; ma=2592000; v=\"46,43\"","accept-ranges":"none","transfer-encoding":"chunked"}
[debug] [2021-08-09T09:10:15.187Z] >>> [apiv2][query] GET https://firebase.googleapis.com/v1beta1/projects/goflix-aad85 [none]
[debug] [2021-08-09T09:10:15.882Z] <<< [apiv2][status] GET https://firebase.googleapis.com/v1beta1/projects/goflix-aad85 403
[debug] [2021-08-09T09:10:15.882Z] <<< [apiv2][body] GET https://firebase.googleapis.com/v1beta1/projects/goflix-aad85 {"error":{"code":403,"message":"The caller does not have permission","status":"PERMISSION_DENIED"}}
[debug] [2021-08-09T09:10:15.883Z] HTTP Error: 403, The caller does not have permission
[debug] [2021-08-09T09:10:16.105Z] FirebaseError: HTTP Error: 403, The caller does not have permission
    at module.exports (/home/spider/.npm-global/lib/node_modules/firebase-tools/lib/responseToError.js:38:12)
    at Client.doRequest (/home/spider/.npm-global/lib/node_modules/firebase-tools/lib/apiv2.js:238:23)
    at processTicksAndRejections (internal/process/task_queues.js:97:5)
    at async Client.request (/home/spider/.npm-global/lib/node_modules/firebase-tools/lib/apiv2.js:96:20)
    at async Object.getFirebaseProject (/home/spider/.npm-global/lib/node_modules/firebase-tools/lib/management/projects.js:290:21)
    at async Object.doSetup [as project] (/home/spider/.npm-global/lib/node_modules/firebase-tools/lib/init/features/project.js:77:27)
    at async init (/home/spider/.npm-global/lib/node_modules/firebase-tools/lib/init/index.js:19:9)
[error] 
[error] Error: Failed to get Firebase project goflix-aad85. Please make sure the project exists and your account has permission to access it.
[debug] [2021-08-09T09:11:00.817Z] ----------------------------------------------------------------------
[debug] [2021-08-09T09:11:00.820Z] Command:       /snap/node/5146/bin/node /home/spider/.npm-global/bin/firebase init
[debug] [2021-08-09T09:11:00.820Z] CLI Version:   9.16.0
[debug] [2021-08-09T09:11:00.820Z] Platform:      linux
[debug] [2021-08-09T09:11:00.820Z] Node Version:  v12.22.4
[debug] [2021-08-09T09:11:00.821Z] Time:          Mon Aug 09 2021 15:11:00 GMT+0600 (Bangladesh Standard Time)
[debug] [2021-08-09T09:11:00.821Z] ----------------------------------------------------------------------
[debug] 
[debug] [2021-08-09T09:11:00.906Z] > command requires scopes: ["email","openid","https://www.googleapis.com/auth/cloudplatformprojects.readonly","https://www.googleapis.com/auth/firebase","https://www.googleapis.com/auth/cloud-platform"]
[debug] [2021-08-09T09:11:00.906Z] > authorizing via signed-in user (ronibd0@gmail.com)
[info] 
     ######## #### ########  ######## ########     ###     ######  ########
     ##        ##  ##     ## ##       ##     ##  ##   ##  ##       ##
     ######    ##  ########  ######   ########  #########  ######  ######
     ##        ##  ##    ##  ##       ##     ## ##     ##       ## ##
     ##       #### ##     ## ######## ########  ##     ##  ######  ########

You're about to initialize a Firebase project in this directory:

  /home/spider/Documents/flix/goflix-1

Before we get started, keep in mind:

  * You are initializing within an existing Firebase project directory

[info] 
=== Project Setup
[info] 
[info] First, let's associate this project directory with a Firebase project.
[info] You can create multiple project aliases by running firebase use --add, 
[info] but for now we'll just set up a default project.
[info] 
[info] i  .firebaserc already has a default project, using goflix-aad85. 
[debug] [2021-08-09T09:11:44.099Z] >>> [apiv2][query] GET https://firebase.googleapis.com/v1beta1/projects/goflix-aad85 [none]
[debug] [2021-08-09T09:11:44.665Z] <<< [apiv2][status] GET https://firebase.googleapis.com/v1beta1/projects/goflix-aad85 200
[debug] [2021-08-09T09:11:44.665Z] <<< [apiv2][body] GET https://firebase.googleapis.com/v1beta1/projects/goflix-aad85 {"projectId":"goflix-aad85","projectNumber":"802812508252","displayName":"GOFLIX","name":"projects/goflix-aad85","resources":{"hostingSite":"goflix-aad85","realtimeDatabaseInstance":"goflix-aad85-default-rtdb","storageBucket":"goflix-aad85.appspot.com","locationId":"asia-southeast1"},"state":"ACTIVE"}
[info] 
=== Hosting Setup
[info] 
[info] Your public directory is the folder (relative to your project directory) that
[info] will contain Hosting assets to be uploaded with firebase deploy. If you
[info] have a build process for your assets, use your build's output directory.
[info] 
